Error: index out of bounds!
	message[ ((Strings . find)( message pat ) : (len message)) ]
	File: IRCBOT.ruo
Error: index out of bounds!
	message[ ((Strings . find)( message pat ) : (len message)) ]
	File: IRCBOT.ruo
Error: index out of bounds!
	message[ ((Strings . find)( message pat ) : (len message)) ]
	File: IRCBOT.ruo
Error: index out of bounds!
	message[ ((Strings . find)( message pat ) : (len message)) ]
	File: IRCBOT.ruo
Error: index out of bounds!
	message[ ((Strings . find)( message pat ) : (len message)) ]
	File: IRCBOT.ruo
Error: index out of bounds!
	splitMessage[ 1 ]
	File: IRCBOT.ruo
Error: index out of bounds!
	splitMessage[ 1 ]
	File: IRCBOT.ruo
Error: cannot get size of non-array value, or object value where size() is undefined!
	len r
	File: IRCBOT.ruo
ERROR 001: COMMAND EXISTS 
        !ac
ERROR 001: COMMAND EXISTS 
        !ac
ERROR 001: COMMAND EXISTS 
        !ac
ERROR 001: COMMAND EXISTS 
        !ac
ERROR 002: COMMAND LAST {addcmd} CAPABLE COMMAND 
        !ac2
ERROR 002: COMMAND LAST {addcmd} CAPABLE COMMAND 
        !ac
ERROR 001: COMMAND EXISTS 
        test
ERROR 002: COMMAND LAST {addcmd} CAPABLE COMMAND 
        !ac
Error: index out of bounds!
	splitMessage[ 2 ]
Error: index out of bounds!
	((self . profile)[ commands ])[ pos ]
Error: index out of bounds!
	((self . profile)[ commands ])[ pos ]
Error: Cannot iterate over non-iterable value!
	(pos in (len ((self . profile)[ commands ]))) ->> { [ print( (pos :  .. pos) ) ((((self . profile)[ commands ])[ pos ])[ (C . cmd) ]) (cmd == { [ print( helo2 ) (((self . profile)[ commands ]) = (((self . profile)[ commands ])[ (0 : pos) ((pos + 1) : ((len ((self . profile)[ commands ])) - 1)) ])) ] }) ] }
Error: value is not scalar!
	[ "!ac" "The command {addcmd} has been added." ]
Error: value is not scalar!
	[ "!ac" "The command {addcmd} has been added." ]
Error: value is not scalar!
	[ "!ac" "The command {addcmd} has been added." ]
Error: value is not scalar!
	[ "!ac" "The command {addcmd} has been added." ]
ERROR 002: COMMAND LAST {addcmd} CAPABLE COMMAND 
        !ac
ERROR 002: COMMAND LAST {addcmd} CAPABLE COMMAND 
        !ac
ERROR 002: COMMAND LAST {addcmd} CAPABLE COMMAND 
        !ac
ERROR 002: COMMAND LAST {addcmd} CAPABLE COMMAND 
        !ac
ERROR 002: COMMAND LAST {addcmd} CAPABLE COMMAND 
        !ac
ERROR 002: COMMAND LAST {addcmd} CAPABLE COMMAND 
        !ac
ERROR 001: COMMAND EXISTS 
        !ac
ERROR 002: COMMAND LAST {addcmd} CAPABLE COMMAND 
        weee
ERROR 001: COMMAND EXISTS 
        !ac
Error: index out of bounds!
	splitMessage[ 1 ]
Error: index out of bounds!
	splitMessage[ 1 ]
Error: index out of bounds!
	splitMessage[ 1 ]
Error: index out of bounds!
	splitMessage[ 1 ]
Error: index out of bounds!
	splitMessage[ 1 ]
Error: variable `splitMessage` undeclared!
Error: Cannot iterate over non-iterable value!
	(cmd in (o[ commands ])) ->> { [ (s = ((s .. (Strings . join)( cmd   )) .. 
)) ] }
Error: value type is not indexable!
	null
Error: value type is not indexable!
	null
Error: value type is not indexable!
	null
Error: value type is not indexable!
	null
Error: value type is not indexable!
	null
ERROR 001: COMMAND EXISTS 
        !ac
ERROR 001: COMMAND EXISTS 
        !ac
